date: 2013-09-24 10:05:18.748
argv: node /usr/local/bin/hexo server -w
os: Darwin 12.5.0 darwin x64
version:
  hexo: 2.2.0
  http_parser: 1.0
  node: 0.8.20
  v8: 3.11.10.25
  ares: 1.7.5-DEV
  uv: 0.8
  zlib: 1.2.3
  openssl: 1.0.0f
---

[debug] 09:57:35.868 Configuration file load successfully
[debug] 09:57:35.869 Version info checked successfully
[debug] 09:57:35.870 Loading the database...
[debug] 09:57:36.098 Theme layout loaded
[debug] 09:57:36.119 Theme source loaded
[debug] 09:57:36.120 Start watching theme source...
[debug] 09:57:36.120 Start watching theme layout...
[debug] 09:57:36.210 Processed: _posts/hello-world.md
[debug] 09:57:36.211 Processed: _posts/test.md
[debug] 09:57:36.211 Processed: about/index.md
[debug] 09:57:36.213 Processed: developer/framework-extensions.md
[debug] 09:57:36.246 Processed: developer/getting-started.md
[debug] 09:57:36.246 Processed: developer/index.md
[debug] 09:57:36.247 Processed: developer/look-and-feel.md
[debug] 09:57:36.247 Processed: developer/security.md
[debug] 09:57:36.247 Processed: developer/services-data-model.md
[debug] 09:57:36.249 Theme configuration loaded
[debug] 09:57:36.251 Theme i18n loaded
[debug] 09:57:36.258 Cache saved
[info] 09:57:36.262 Hexo is running at localhost:4000/. Press Ctrl+C to stop.
[debug] 09:57:38.827 Render page: developer/index.html
[create] 09:58:05.146 Theme layout: docs/developer
[create] 09:58:05.146 Theme layout: docs/developer
[update] 09:58:18.158 Theme layout: docs/developer
[update] 09:58:42.177 Theme layout: docs/developer
[update] 09:58:46.181 Theme layout: docs/developer
[debug] 09:59:17.847 Render page: developer/index.html
[update] 09:59:54.367 Source: developer/index.md
[debug] 09:59:54.472 Processed: developer/index.md
[debug] 09:59:54.479 Cache saved
[debug] 09:59:57.084 Render docs/developer: developer/index.html
[error] 09:59:57.094 ReferenceError: /Users/hbraun/dev/prj/hal/hal.github.io/themes/bitrap/layout/docs/developer.ejs:2
    1| <div class="container">
 >> 2|     <article class="<%= item.layout %>">
    3|         <div class="row">
    4| 
    5|             <!--Sidebar content-->

item is not defined
ReferenceError: /Users/hbraun/dev/prj/hal/hal.github.io/themes/bitrap/layout/docs/developer.ejs:2
    1| <div class="container">
 >> 2|     <article class="<%= item.layout %>">
    3|         <div class="row">
    4| 
    5|             <!--Sidebar content-->

item is not defined
    at eval (eval at <anonymous> (/usr/local/lib/node_modules/hexo/node_modules/ejs/lib/ejs.js:236:14))
    at eval (eval at <anonymous> (/usr/local/lib/node_modules/hexo/node_modules/ejs/lib/ejs.js:236:14))
    at exports.compile (/usr/local/lib/node_modules/hexo/node_modules/ejs/lib/ejs.js:249:15)
    at Object.exports.render (/usr/local/lib/node_modules/hexo/node_modules/ejs/lib/ejs.js:287:13)
    at module.exports (/usr/local/lib/node_modules/hexo/lib/plugins/renderer/ejs.js:5:14)
    at Object.Renderer.register.store.(anonymous function) [as ejs] (/usr/local/lib/node_modules/hexo/lib/extend/renderer.js:26:27)
    at exports.renderFile (/usr/local/lib/node_modules/hexo/lib/render.js:194:37)
    at async.iterator.fn (/usr/local/lib/node_modules/hexo/node_modules/async/lib/async.js:579:34)
    at async.waterfall.wrapIterator (/usr/local/lib/node_modules/hexo/node_modules/async/lib/async.js:495:34)
    at process.startup.processNextTick.process._tickCallback (node.js:244:9)

[update] 10:00:06.379 Source: developer/index.md
[debug] 10:00:06.483 Processed: developer/index.md
[debug] 10:00:06.489 Cache saved
[debug] 10:00:08.144 Render docs/developer: developer/index.html
[error] 10:00:08.149 ReferenceError: /Users/hbraun/dev/prj/hal/hal.github.io/themes/bitrap/layout/docs/developer.ejs:2
    1| <div class="container">
 >> 2|     <article class="<%= item.layout %>">
    3|         <div class="row">
    4| 
    5|             <!--Sidebar content-->

item is not defined
ReferenceError: /Users/hbraun/dev/prj/hal/hal.github.io/themes/bitrap/layout/docs/developer.ejs:2
    1| <div class="container">
 >> 2|     <article class="<%= item.layout %>">
    3|         <div class="row">
    4| 
    5|             <!--Sidebar content-->

item is not defined
    at eval (eval at <anonymous> (/usr/local/lib/node_modules/hexo/node_modules/ejs/lib/ejs.js:236:14))
    at eval (eval at <anonymous> (/usr/local/lib/node_modules/hexo/node_modules/ejs/lib/ejs.js:236:14))
    at exports.compile (/usr/local/lib/node_modules/hexo/node_modules/ejs/lib/ejs.js:249:15)
    at Object.exports.render (/usr/local/lib/node_modules/hexo/node_modules/ejs/lib/ejs.js:287:13)
    at module.exports (/usr/local/lib/node_modules/hexo/lib/plugins/renderer/ejs.js:5:14)
    at Object.Renderer.register.store.(anonymous function) [as ejs] (/usr/local/lib/node_modules/hexo/lib/extend/renderer.js:26:27)
    at exports.renderFile (/usr/local/lib/node_modules/hexo/lib/render.js:194:37)
    at async.iterator.fn (/usr/local/lib/node_modules/hexo/node_modules/async/lib/async.js:579:34)
    at async.waterfall.wrapIterator (/usr/local/lib/node_modules/hexo/node_modules/async/lib/async.js:495:34)
    at process.startup.processNextTick.process._tickCallback (node.js:244:9)

[update] 10:00:16.387 Source: developer/index.md
[debug] 10:00:16.489 Processed: developer/index.md
[debug] 10:00:16.495 Cache saved
[delete] 10:01:18.314 Theme layout: docs/developer
[delete] 10:01:18.314 Theme layout: docs/developer
[create] 10:01:18.317 Theme layout: _partial/after_footer
[create] 10:01:18.317 Theme layout: _partial/archive
[create] 10:01:18.317 Theme layout: _partial/article
[create] 10:01:18.317 Theme layout: _partial/comment
[create] 10:01:18.317 Theme layout: _partial/footer
[create] 10:01:18.317 Theme layout: _partial/google_analytics
[create] 10:01:18.317 Theme layout: _partial/head
[create] 10:01:18.318 Theme layout: _partial/header
[create] 10:01:18.318 Theme layout: _partial/page
[create] 10:01:18.318 Theme layout: _partial/pagination
[create] 10:01:18.318 Theme layout: _partial/archive
[create] 10:01:18.318 Theme layout: _partial/after_footer
[create] 10:01:18.318 Theme layout: _partial/article
[create] 10:01:18.318 Theme layout: _partial/comment
[create] 10:01:18.318 Theme layout: _partial/footer
[create] 10:01:18.318 Theme layout: _partial/google_analytics
[create] 10:01:18.318 Theme layout: _partial/head
[create] 10:01:18.319 Theme layout: _partial/header
[create] 10:01:18.319 Theme layout: _partial/page
[create] 10:01:18.319 Theme layout: _partial/pagination
[create] 10:02:03.353 Theme layout: developer-doc
[create] 10:02:03.353 Theme layout: developer-doc
[update] 10:02:11.360 Theme layout: developer-doc
[update] 10:02:27.500 Source: developer/index.md
[debug] 10:02:27.603 Processed: developer/index.md
[debug] 10:02:27.610 Cache saved
[debug] 10:02:29.184 Render developer-doc: developer/index.html
[debug] 10:02:36.578 Render index: 
[debug] 10:02:39.335 Render index: 
[create] 10:03:15.414 Theme layout: _partial/docs/developer
[create] 10:03:15.415 Theme layout: _partial/docs/developer
[update] 10:04:22.471 Theme layout: _partial/docs/developer
[debug] 10:04:26.385 Render index: 
[debug] 10:04:28.448 Render developer-doc: developer/index.html
[update] 10:04:37.484 Theme layout: _partial/docs/developer
[debug] 10:04:40.118 Render developer-doc: developer/index.html
[update] 10:04:47.493 Theme layout: _partial/docs/developer
[debug] 10:04:50.174 Render developer-doc: developer/index.html
[debug] 10:04:51.133 Render page: developer/getting-started.html
[debug] 10:04:57.131 Render page: developer/getting-started.html
[debug] 10:05:03.204 Render developer-doc: developer/index.html
[update] 10:05:18.646 Source: developer/getting-started.md
[error] 10:05:18.747 { rawMessage: 'Unable to parse.',
  parsedLine: 3,
  snippet: 'layout:developer-docs',
  parsedFile: null,
  message: 'Unable to parse.',
  domain_thrown: true,
  domain: 
   { domain: null,
     _events: { error: [Function] },
     _maxListeners: 10,
     members: [],
     _disposed: true } }